<?xml version="1.0" encoding="UTF-8"?>
<!-- Generated by org.testng.reporters.JUnitXMLReporter -->
<testsuite ignored="0" hostname="papi-MS-7C56" failures="1" tests="2" name="PageTests" time="5.033" errors="0" timestamp="2023-11-12T20:58:37 CET">
  <testcase classname="tests.HomePageTest" name="testHomePage" time="3.088"/>
  <testcase classname="tests.ResultsPageTest" name="testResultsPage" time="0.009">
    <failure type="java.lang.AssertionError" message="Wrong url, skipping! expected [true] but found [false]">
      <![CDATA[java.lang.AssertionError: Wrong url, skipping! expected [true] but found [false]
at pom.ResultsPage.checkUrl(ResultsPage.java:21)
at tests.ResultsPageTest.testResultsPage(ResultsPageTest.java:13)
at java.base/java.util.ArrayList.forEach(ArrayList.java:1511)
at tests.TestRunner.main(TestRunner.java:14)
... Removed 27 stack frames]]>
    </failure>
  </testcase> <!-- testResultsPage -->
</testsuite> <!-- PageTests -->
